0 verbose cli C:\Program Files\nodejs\node.exe C:\Users\hp\AppData\Roaming\npm\node_modules\npm\bin\npm-cli.js
1 info using npm@11.5.1
2 info using node@v22.16.0
3 silly config load:file:C:\Users\hp\AppData\Roaming\npm\node_modules\npm\npmrc
4 silly config load:file:C:\Users\hp\Desktop\Web-dev\MyProject\ecommerce-mern\multer\.npmrc
5 silly config load:file:C:\Users\hp\.npmrc
6 silly config load:file:C:\Users\hp\AppData\Roaming\npm\etc\npmrc
7 verbose title npm install express multer
8 verbose argv "install" "express" "multer"
9 verbose logfile logs-max:10 dir:C:\Users\hp\Desktop\Web-dev\MyProject\ecommerce-mern\multer\UsershpAppDataLocalTempnpm-cache\_logs\2025-08-27T09_43_55_701Z-
10 verbose logfile C:\Users\hp\Desktop\Web-dev\MyProject\ecommerce-mern\multer\UsershpAppDataLocalTempnpm-cache\_logs\2025-08-27T09_43_55_701Z-debug-0.log
11 silly logfile done cleaning log files
12 silly packumentCache heap:2197815296 maxSize:549453824 maxEntrySize:274726912
13 silly idealTree buildDeps
14 silly fetch manifest express@*
15 silly packumentCache full:https://registry.npmjs.org/express cache-miss
16 http fetch GET 200 https://registry.npmjs.org/express 487ms (cache miss)
17 silly packumentCache full:https://registry.npmjs.org/express set size:undefined disposed:false
18 silly fetch manifest multer@*
19 silly packumentCache full:https://registry.npmjs.org/multer cache-miss
20 http fetch GET 200 https://registry.npmjs.org/multer 138ms (cache miss)
21 silly packumentCache full:https://registry.npmjs.org/multer set size:undefined disposed:false
22 silly placeDep ROOT express@5.1.0 OK for: multer@1.0.0 want: *
23 silly placeDep ROOT multer@2.0.2 OK for: multer@1.0.0 want: *
24 silly fetch manifest qs@^6.14.0
25 silly packumentCache full:https://registry.npmjs.org/qs cache-miss
26 silly fetch manifest etag@^1.8.1
27 silly packumentCache full:https://registry.npmjs.org/etag cache-miss
28 silly fetch manifest once@^1.4.0
29 silly packumentCache full:https://registry.npmjs.org/once cache-miss
30 silly fetch manifest send@^1.1.0
31 silly packumentCache full:https://registry.npmjs.org/send cache-miss
32 silly fetch manifest vary@^1.1.2
33 silly packumentCache full:https://registry.npmjs.org/vary cache-miss
34 silly fetch manifest debug@^4.4.0
35 silly packumentCache full:https://registry.npmjs.org/debug cache-miss
36 silly fetch manifest fresh@^2.0.0
37 silly packumentCache full:https://registry.npmjs.org/fresh cache-miss
38 http fetch GET 200 https://registry.npmjs.org/qs 215ms (cache miss)
39 silly packumentCache full:https://registry.npmjs.org/qs set size:undefined disposed:false
40 silly fetch manifest cookie@^0.7.1
41 silly packumentCache full:https://registry.npmjs.org/cookie cache-miss
42 http fetch GET 200 https://registry.npmjs.org/once 229ms (cache miss)
43 silly packumentCache full:https://registry.npmjs.org/once set size:undefined disposed:false
44 silly fetch manifest router@^2.2.0
45 silly packumentCache full:https://registry.npmjs.org/router cache-miss
46 http fetch GET 200 https://registry.npmjs.org/debug 257ms (cache miss)
47 silly packumentCache full:https://registry.npmjs.org/debug set size:undefined disposed:false
48 silly fetch manifest accepts@^2.0.0
49 silly packumentCache full:https://registry.npmjs.org/accepts cache-miss
50 http fetch GET 200 https://registry.npmjs.org/etag 269ms (cache miss)
51 silly packumentCache full:https://registry.npmjs.org/etag set size:undefined disposed:false
52 silly fetch manifest type-is@^2.0.1
53 silly packumentCache full:https://registry.npmjs.org/type-is cache-miss
54 http fetch GET 200 https://registry.npmjs.org/vary 270ms (cache miss)
55 silly packumentCache full:https://registry.npmjs.org/vary set size:undefined disposed:false
56 silly fetch manifest parseurl@^1.3.3
57 silly packumentCache full:https://registry.npmjs.org/parseurl cache-miss
58 http fetch GET 200 https://registry.npmjs.org/fresh 285ms (cache miss)
59 silly packumentCache full:https://registry.npmjs.org/fresh set size:undefined disposed:false
60 silly fetch manifest statuses@^2.0.1
61 silly packumentCache full:https://registry.npmjs.org/statuses cache-miss
62 http fetch GET 200 https://registry.npmjs.org/send 287ms (cache miss)
63 silly packumentCache full:https://registry.npmjs.org/send set size:undefined disposed:false
64 silly fetch manifest encodeurl@^2.0.0
65 silly packumentCache full:https://registry.npmjs.org/encodeurl cache-miss
66 http fetch GET 200 https://registry.npmjs.org/cookie 82ms (cache miss)
67 silly packumentCache full:https://registry.npmjs.org/cookie set size:undefined disposed:false
68 silly fetch manifest mime-types@^3.0.0
69 silly packumentCache full:https://registry.npmjs.org/mime-types cache-miss
70 http fetch GET 200 https://registry.npmjs.org/router 107ms (cache miss)
71 silly packumentCache full:https://registry.npmjs.org/router set size:undefined disposed:false
72 silly fetch manifest proxy-addr@^2.0.7
73 silly packumentCache full:https://registry.npmjs.org/proxy-addr cache-miss
74 http fetch GET 200 https://registry.npmjs.org/accepts 161ms (cache miss)
75 silly packumentCache full:https://registry.npmjs.org/accepts set size:undefined disposed:false
76 silly fetch manifest body-parser@^2.2.0
77 silly packumentCache full:https://registry.npmjs.org/body-parser cache-miss
78 http fetch GET 200 https://registry.npmjs.org/type-is 162ms (cache miss)
79 silly packumentCache full:https://registry.npmjs.org/type-is set size:undefined disposed:false
80 silly fetch manifest escape-html@^1.0.3
81 silly packumentCache full:https://registry.npmjs.org/escape-html cache-miss
82 http fetch GET 200 https://registry.npmjs.org/mime-types 140ms (cache miss)
83 silly packumentCache full:https://registry.npmjs.org/mime-types set size:undefined disposed:false
84 silly fetch manifest http-errors@^2.0.0
85 silly packumentCache full:https://registry.npmjs.org/http-errors cache-miss
86 http fetch GET 200 https://registry.npmjs.org/statuses 180ms (cache miss)
87 silly packumentCache full:https://registry.npmjs.org/statuses set size:undefined disposed:false
88 silly fetch manifest on-finished@^2.4.1
89 silly packumentCache full:https://registry.npmjs.org/on-finished cache-miss
90 http fetch GET 200 https://registry.npmjs.org/encodeurl 183ms (cache miss)
91 silly packumentCache full:https://registry.npmjs.org/encodeurl set size:undefined disposed:false
92 silly fetch manifest content-type@^1.0.5
93 silly packumentCache full:https://registry.npmjs.org/content-type cache-miss
94 http fetch GET 200 https://registry.npmjs.org/parseurl 207ms (cache miss)
95 silly packumentCache full:https://registry.npmjs.org/parseurl set size:undefined disposed:false
96 silly fetch manifest finalhandler@^2.1.0
97 silly packumentCache full:https://registry.npmjs.org/finalhandler cache-miss
98 http fetch GET 200 https://registry.npmjs.org/proxy-addr 151ms (cache miss)
99 silly packumentCache full:https://registry.npmjs.org/proxy-addr set size:undefined disposed:false
100 silly fetch manifest range-parser@^1.2.1
101 silly packumentCache full:https://registry.npmjs.org/range-parser cache-miss
102 http fetch GET 200 https://registry.npmjs.org/escape-html 85ms (cache miss)
103 silly packumentCache full:https://registry.npmjs.org/escape-html set size:undefined disposed:false
104 silly fetch manifest serve-static@^2.2.0
105 silly packumentCache full:https://registry.npmjs.org/serve-static cache-miss
106 http fetch GET 200 https://registry.npmjs.org/body-parser 130ms (cache miss)
107 silly packumentCache full:https://registry.npmjs.org/body-parser set size:undefined disposed:false
108 silly fetch manifest cookie-signature@^1.2.1
109 silly packumentCache full:https://registry.npmjs.org/cookie-signature cache-miss
110 http fetch GET 200 https://registry.npmjs.org/http-errors 119ms (cache miss)
111 silly packumentCache full:https://registry.npmjs.org/http-errors set size:undefined disposed:false
112 silly fetch manifest merge-descriptors@^2.0.0
113 silly packumentCache full:https://registry.npmjs.org/merge-descriptors cache-miss
114 http fetch GET 200 https://registry.npmjs.org/on-finished 111ms (cache miss)
115 silly packumentCache full:https://registry.npmjs.org/on-finished set size:undefined disposed:false
116 silly fetch manifest content-disposition@^1.0.0
117 silly packumentCache full:https://registry.npmjs.org/content-disposition cache-miss
118 http fetch GET 200 https://registry.npmjs.org/range-parser 93ms (cache miss)
119 silly packumentCache full:https://registry.npmjs.org/range-parser set size:undefined disposed:false
120 silly fetch manifest append-field@^1.0.0
121 silly packumentCache full:https://registry.npmjs.org/append-field cache-miss
122 http fetch GET 200 https://registry.npmjs.org/content-type 116ms (cache miss)
123 silly packumentCache full:https://registry.npmjs.org/content-type set size:undefined disposed:false
124 silly fetch manifest busboy@^1.6.0
125 silly packumentCache full:https://registry.npmjs.org/busboy cache-miss
126 http fetch GET 200 https://registry.npmjs.org/finalhandler 118ms (cache miss)
127 silly packumentCache full:https://registry.npmjs.org/finalhandler set size:undefined disposed:false
128 silly fetch manifest concat-stream@^2.0.0
129 silly packumentCache full:https://registry.npmjs.org/concat-stream cache-miss
130 http fetch GET 200 https://registry.npmjs.org/serve-static 90ms (cache miss)
131 silly packumentCache full:https://registry.npmjs.org/serve-static set size:undefined disposed:false
132 silly fetch manifest mkdirp@^0.5.6
133 silly packumentCache full:https://registry.npmjs.org/mkdirp cache-miss
134 http fetch GET 200 https://registry.npmjs.org/append-field 107ms (cache miss)
135 silly packumentCache full:https://registry.npmjs.org/append-field set size:undefined disposed:false
136 silly fetch manifest object-assign@^4.1.1
137 silly packumentCache full:https://registry.npmjs.org/object-assign cache-miss
138 http fetch GET 200 https://registry.npmjs.org/merge-descriptors 131ms (cache miss)
139 silly packumentCache full:https://registry.npmjs.org/merge-descriptors set size:undefined disposed:false
140 silly fetch manifest type-is@^1.6.18
141 silly packumentCache full:https://registry.npmjs.org/type-is cache-miss
142 http cache https://registry.npmjs.org/type-is 33ms (cache hit)
143 silly packumentCache full:https://registry.npmjs.org/type-is set size:86196 disposed:false
144 silly fetch manifest xtend@^4.0.2
145 silly packumentCache full:https://registry.npmjs.org/xtend cache-miss
146 http fetch GET 200 https://registry.npmjs.org/content-disposition 159ms (cache miss)
147 silly packumentCache full:https://registry.npmjs.org/content-disposition set size:undefined disposed:false
148 http fetch GET 200 https://registry.npmjs.org/mkdirp 129ms (cache miss)
149 silly packumentCache full:https://registry.npmjs.org/mkdirp set size:undefined disposed:false
150 http fetch GET 200 https://registry.npmjs.org/object-assign 89ms (cache miss)
151 silly packumentCache full:https://registry.npmjs.org/object-assign set size:undefined disposed:false
152 http fetch GET 200 https://registry.npmjs.org/concat-stream 192ms (cache miss)
153 silly packumentCache full:https://registry.npmjs.org/concat-stream set size:undefined disposed:false
154 http fetch GET 200 https://registry.npmjs.org/xtend 93ms (cache miss)
155 silly packumentCache full:https://registry.npmjs.org/xtend set size:undefined disposed:false
156 http fetch GET 200 https://registry.npmjs.org/cookie-signature 646ms (cache miss)
157 silly packumentCache full:https://registry.npmjs.org/cookie-signature set size:undefined disposed:false
158 http fetch GET 200 https://registry.npmjs.org/busboy 645ms (cache miss)
159 silly packumentCache full:https://registry.npmjs.org/busboy set size:undefined disposed:false
160 silly placeDep ROOT accepts@2.0.0 OK for: express@5.1.0 want: ^2.0.0
161 silly placeDep ROOT body-parser@2.2.0 OK for: express@5.1.0 want: ^2.2.0
162 silly placeDep ROOT content-disposition@1.0.0 OK for: express@5.1.0 want: ^1.0.0
163 silly placeDep ROOT content-type@1.0.5 OK for: express@5.1.0 want: ^1.0.5
164 silly placeDep ROOT cookie@0.7.2 OK for: express@5.1.0 want: ^0.7.1
165 silly placeDep ROOT cookie-signature@1.2.2 OK for: express@5.1.0 want: ^1.2.1
166 silly placeDep ROOT debug@4.4.1 OK for: express@5.1.0 want: ^4.4.0
167 silly placeDep ROOT encodeurl@2.0.0 OK for: express@5.1.0 want: ^2.0.0
168 silly placeDep ROOT escape-html@1.0.3 OK for: express@5.1.0 want: ^1.0.3
169 silly placeDep ROOT etag@1.8.1 OK for: express@5.1.0 want: ^1.8.1
170 silly placeDep ROOT finalhandler@2.1.0 OK for: express@5.1.0 want: ^2.1.0
171 silly placeDep ROOT fresh@2.0.0 OK for: express@5.1.0 want: ^2.0.0
172 silly placeDep ROOT http-errors@2.0.0 OK for: express@5.1.0 want: ^2.0.0
173 silly placeDep ROOT merge-descriptors@2.0.0 OK for: express@5.1.0 want: ^2.0.0
174 silly placeDep ROOT mime-types@3.0.1 OK for: express@5.1.0 want: ^3.0.0
175 silly placeDep ROOT on-finished@2.4.1 OK for: express@5.1.0 want: ^2.4.1
176 silly placeDep ROOT once@1.4.0 OK for: express@5.1.0 want: ^1.4.0
177 silly placeDep ROOT parseurl@1.3.3 OK for: express@5.1.0 want: ^1.3.3
178 silly placeDep ROOT proxy-addr@2.0.7 OK for: express@5.1.0 want: ^2.0.7
179 silly placeDep ROOT qs@6.14.0 OK for: express@5.1.0 want: ^6.14.0
180 silly placeDep ROOT range-parser@1.2.1 OK for: express@5.1.0 want: ^1.2.1
181 silly placeDep ROOT router@2.2.0 OK for: express@5.1.0 want: ^2.2.0
182 silly placeDep ROOT send@1.2.0 OK for: express@5.1.0 want: ^1.1.0
183 silly placeDep ROOT serve-static@2.2.0 OK for: express@5.1.0 want: ^2.2.0
184 silly placeDep ROOT statuses@2.0.2 OK for: express@5.1.0 want: ^2.0.1
185 silly placeDep ROOT type-is@2.0.1 OK for: express@5.1.0 want: ^2.0.1
186 silly placeDep ROOT vary@1.1.2 OK for: express@5.1.0 want: ^1.1.2
187 silly fetch manifest negotiator@^1.0.0
188 silly packumentCache full:https://registry.npmjs.org/negotiator cache-miss
189 silly fetch manifest bytes@^3.1.2
190 silly packumentCache full:https://registry.npmjs.org/bytes cache-miss
191 silly fetch manifest iconv-lite@^0.6.3
192 silly packumentCache full:https://registry.npmjs.org/iconv-lite cache-miss
193 silly fetch manifest raw-body@^3.0.0
194 silly packumentCache full:https://registry.npmjs.org/raw-body cache-miss
195 silly fetch manifest type-is@^2.0.0
196 silly packumentCache full:https://registry.npmjs.org/type-is cache-hit
197 silly fetch manifest safe-buffer@5.2.1
198 silly packumentCache full:https://registry.npmjs.org/safe-buffer cache-miss
199 silly fetch manifest ms@^2.1.3
200 silly packumentCache full:https://registry.npmjs.org/ms cache-miss
201 silly fetch manifest depd@2.0.0
202 silly packumentCache full:https://registry.npmjs.org/depd cache-miss
203 http fetch GET 200 https://registry.npmjs.org/negotiator 70ms (cache miss)
204 silly packumentCache full:https://registry.npmjs.org/negotiator set size:undefined disposed:false
205 silly fetch manifest inherits@2.0.4
206 silly packumentCache full:https://registry.npmjs.org/inherits cache-miss
207 http fetch GET 200 https://registry.npmjs.org/iconv-lite 89ms (cache miss)
208 silly packumentCache full:https://registry.npmjs.org/iconv-lite set size:undefined disposed:false
209 silly fetch manifest statuses@2.0.1
210 silly packumentCache full:https://registry.npmjs.org/statuses cache-miss
211 http cache https://registry.npmjs.org/statuses 7ms (cache hit)
212 silly packumentCache full:https://registry.npmjs.org/statuses set size:37117 disposed:false
213 silly fetch manifest toidentifier@1.0.1
214 silly packumentCache full:https://registry.npmjs.org/toidentifier cache-miss
215 http fetch GET 200 https://registry.npmjs.org/bytes 110ms (cache miss)
216 silly packumentCache full:https://registry.npmjs.org/bytes set size:undefined disposed:false
217 silly fetch manifest setprototypeof@1.2.0
218 silly packumentCache full:https://registry.npmjs.org/setprototypeof cache-miss
219 http fetch GET 200 https://registry.npmjs.org/ms 116ms (cache miss)
220 silly packumentCache full:https://registry.npmjs.org/ms set size:undefined disposed:false
221 silly fetch manifest mime-db@^1.54.0
222 silly packumentCache full:https://registry.npmjs.org/mime-db cache-miss
223 http fetch GET 200 https://registry.npmjs.org/raw-body 129ms (cache miss)
224 silly packumentCache full:https://registry.npmjs.org/raw-body set size:undefined disposed:false
225 silly fetch manifest ee-first@1.1.1
226 silly packumentCache full:https://registry.npmjs.org/ee-first cache-miss
227 http fetch GET 200 https://registry.npmjs.org/safe-buffer 134ms (cache miss)
228 silly packumentCache full:https://registry.npmjs.org/safe-buffer set size:undefined disposed:false
229 silly fetch manifest wrappy@1
230 silly packumentCache full:https://registry.npmjs.org/wrappy cache-miss
231 http fetch GET 200 https://registry.npmjs.org/depd 139ms (cache miss)
232 silly packumentCache full:https://registry.npmjs.org/depd set size:undefined disposed:false
233 silly fetch manifest forwarded@0.2.0
234 silly packumentCache full:https://registry.npmjs.org/forwarded cache-miss
235 http fetch GET 200 https://registry.npmjs.org/inherits 91ms (cache miss)
236 silly packumentCache full:https://registry.npmjs.org/inherits set size:undefined disposed:false
237 silly fetch manifest ipaddr.js@1.9.1
238 silly packumentCache full:https://registry.npmjs.org/ipaddr.js cache-miss
239 http fetch GET 200 https://registry.npmjs.org/toidentifier 75ms (cache miss)
240 silly packumentCache full:https://registry.npmjs.org/toidentifier set size:undefined disposed:false
241 silly fetch manifest side-channel@^1.1.0
242 silly packumentCache full:https://registry.npmjs.org/side-channel cache-miss
243 http fetch GET 200 https://registry.npmjs.org/wrappy 107ms (cache miss)
244 silly packumentCache full:https://registry.npmjs.org/wrappy set size:undefined disposed:false
245 silly fetch manifest depd@^2.0.0
246 silly packumentCache full:https://registry.npmjs.org/depd cache-miss
247 http fetch GET 200 https://registry.npmjs.org/ee-first 113ms (cache miss)
248 silly packumentCache full:https://registry.npmjs.org/ee-first set size:undefined disposed:false
249 silly fetch manifest is-promise@^4.0.0
250 silly packumentCache full:https://registry.npmjs.org/is-promise cache-miss
251 http fetch GET 200 https://registry.npmjs.org/forwarded 103ms (cache miss)
252 silly packumentCache full:https://registry.npmjs.org/forwarded set size:undefined disposed:false
253 silly fetch manifest path-to-regexp@^8.0.0
254 silly packumentCache full:https://registry.npmjs.org/path-to-regexp cache-miss
255 http fetch GET 200 https://registry.npmjs.org/setprototypeof 141ms (cache miss)
256 silly packumentCache full:https://registry.npmjs.org/setprototypeof set size:undefined disposed:false
257 silly fetch manifest media-typer@^1.1.0
258 silly packumentCache full:https://registry.npmjs.org/media-typer cache-miss
259 http fetch GET 200 https://registry.npmjs.org/mime-db 139ms (cache miss)
260 silly packumentCache full:https://registry.npmjs.org/mime-db set size:undefined disposed:false
261 http fetch GET 200 https://registry.npmjs.org/ipaddr.js 97ms (cache miss)
262 silly packumentCache full:https://registry.npmjs.org/ipaddr.js set size:undefined disposed:false
263 http cache https://registry.npmjs.org/depd 19ms (cache hit)
264 silly packumentCache full:https://registry.npmjs.org/depd set size:40182 disposed:false
265 http fetch GET 200 https://registry.npmjs.org/side-channel 89ms (cache miss)
266 silly packumentCache full:https://registry.npmjs.org/side-channel set size:undefined disposed:false
267 http fetch GET 200 https://registry.npmjs.org/is-promise 64ms (cache miss)
268 silly packumentCache full:https://registry.npmjs.org/is-promise set size:undefined disposed:false
269 http fetch GET 200 https://registry.npmjs.org/path-to-regexp 82ms (cache miss)
270 silly packumentCache full:https://registry.npmjs.org/path-to-regexp set size:undefined disposed:false
271 http fetch GET 200 https://registry.npmjs.org/media-typer 79ms (cache miss)
272 silly packumentCache full:https://registry.npmjs.org/media-typer set size:undefined disposed:false
273 silly placeDep ROOT negotiator@1.0.0 OK for: accepts@2.0.0 want: ^1.0.0
274 silly placeDep ROOT bytes@3.1.2 OK for: body-parser@2.2.0 want: ^3.1.2
275 silly placeDep ROOT iconv-lite@0.6.3 OK for: body-parser@2.2.0 want: ^0.6.3
276 silly placeDep ROOT raw-body@3.0.0 OK for: body-parser@2.2.0 want: ^3.0.0
277 silly fetch manifest safer-buffer@>= 2.1.2 < 3.0.0
278 silly packumentCache full:https://registry.npmjs.org/safer-buffer cache-miss
279 silly fetch manifest unpipe@1.0.0
280 silly packumentCache full:https://registry.npmjs.org/unpipe cache-miss
281 http fetch GET 200 https://registry.npmjs.org/safer-buffer 78ms (cache miss)
282 silly packumentCache full:https://registry.npmjs.org/safer-buffer set size:undefined disposed:false
283 http fetch GET 200 https://registry.npmjs.org/unpipe 887ms (cache miss)
284 silly packumentCache full:https://registry.npmjs.org/unpipe set size:undefined disposed:false
285 silly placeDep ROOT safe-buffer@5.2.1 OK for: content-disposition@1.0.0 want: 5.2.1
286 silly placeDep ROOT ms@2.1.3 OK for: debug@4.4.1 want: ^2.1.3
287 silly placeDep ROOT depd@2.0.0 OK for: http-errors@2.0.0 want: 2.0.0
288 silly placeDep ROOT inherits@2.0.4 OK for: http-errors@2.0.0 want: 2.0.4
289 silly placeDep ROOT setprototypeof@1.2.0 OK for: http-errors@2.0.0 want: 1.2.0
290 silly placeDep node_modules/http-errors statuses@2.0.1 OK for: http-errors@2.0.0 want: 2.0.1
291 silly placeDep ROOT toidentifier@1.0.1 OK for: http-errors@2.0.0 want: 1.0.1
292 silly placeDep ROOT safer-buffer@2.1.2 OK for: iconv-lite@0.6.3 want: >= 2.1.2 < 3.0.0
293 silly placeDep ROOT mime-db@1.54.0 OK for: mime-types@3.0.1 want: ^1.54.0
294 silly placeDep ROOT append-field@1.0.0 OK for: multer@2.0.2 want: ^1.0.0
295 silly placeDep ROOT busboy@1.6.0 OK for: multer@2.0.2 want: ^1.6.0
296 silly placeDep ROOT concat-stream@2.0.0 OK for: multer@2.0.2 want: ^2.0.0
297 silly placeDep ROOT mkdirp@0.5.6 OK for: multer@2.0.2 want: ^0.5.6
298 silly placeDep ROOT object-assign@4.1.1 OK for: multer@2.0.2 want: ^4.1.1
299 silly placeDep node_modules/multer type-is@1.6.18 OK for: multer@2.0.2 want: ^1.6.18
300 silly placeDep ROOT xtend@4.0.2 OK for: multer@2.0.2 want: ^4.0.2
301 silly fetch manifest streamsearch@^1.1.0
302 silly packumentCache full:https://registry.npmjs.org/streamsearch cache-miss
303 silly fetch manifest buffer-from@^1.0.0
304 silly packumentCache full:https://registry.npmjs.org/buffer-from cache-miss
305 silly fetch manifest readable-stream@^3.0.2
306 silly packumentCache full:https://registry.npmjs.org/readable-stream cache-miss
307 silly fetch manifest typedarray@^0.0.6
308 silly packumentCache full:https://registry.npmjs.org/typedarray cache-miss
309 silly fetch manifest minimist@^1.2.6
310 silly packumentCache full:https://registry.npmjs.org/minimist cache-miss
311 silly fetch manifest mime-types@~2.1.24
312 silly packumentCache full:https://registry.npmjs.org/mime-types cache-miss
313 silly fetch manifest media-typer@0.3.0
314 silly packumentCache full:https://registry.npmjs.org/media-typer cache-miss
315 http cache https://registry.npmjs.org/media-typer 11ms (cache hit)
316 silly packumentCache full:https://registry.npmjs.org/media-typer set size:20873 disposed:false
317 http cache https://registry.npmjs.org/mime-types 15ms (cache hit)
318 silly packumentCache full:https://registry.npmjs.org/mime-types set size:136716 disposed:false
319 http fetch GET 200 https://registry.npmjs.org/typedarray 183ms (cache miss)
320 silly packumentCache full:https://registry.npmjs.org/typedarray set size:undefined disposed:false
321 http fetch GET 200 https://registry.npmjs.org/streamsearch 185ms (cache miss)
322 silly packumentCache full:https://registry.npmjs.org/streamsearch set size:undefined disposed:false
323 http fetch GET 200 https://registry.npmjs.org/readable-stream 231ms (cache miss)
324 silly packumentCache full:https://registry.npmjs.org/readable-stream set size:undefined disposed:false
325 http fetch GET 200 https://registry.npmjs.org/minimist 235ms (cache miss)
326 silly packumentCache full:https://registry.npmjs.org/minimist set size:undefined disposed:false
327 http fetch GET 200 https://registry.npmjs.org/buffer-from 238ms (cache miss)
328 silly packumentCache full:https://registry.npmjs.org/buffer-from set size:undefined disposed:false
329 silly placeDep ROOT streamsearch@1.1.0 OK for: busboy@1.6.0 want: ^1.1.0
330 silly placeDep ROOT buffer-from@1.1.2 OK for: concat-stream@2.0.0 want: ^1.0.0
331 silly placeDep ROOT readable-stream@3.6.2 OK for: concat-stream@2.0.0 want: ^3.0.2
332 silly placeDep ROOT typedarray@0.0.6 OK for: concat-stream@2.0.0 want: ^0.0.6
333 silly fetch manifest string_decoder@^1.1.1
334 silly packumentCache full:https://registry.npmjs.org/string_decoder cache-miss
335 silly fetch manifest util-deprecate@^1.0.1
336 silly packumentCache full:https://registry.npmjs.org/util-deprecate cache-miss
337 http fetch GET 200 https://registry.npmjs.org/util-deprecate 533ms (cache miss)
338 silly packumentCache full:https://registry.npmjs.org/util-deprecate set size:undefined disposed:false
339 http fetch GET 200 https://registry.npmjs.org/string_decoder 538ms (cache miss)
340 silly packumentCache full:https://registry.npmjs.org/string_decoder set size:undefined disposed:false
341 silly placeDep ROOT minimist@1.2.8 OK for: mkdirp@0.5.6 want: ^1.2.6
342 silly placeDep ROOT ee-first@1.1.1 OK for: on-finished@2.4.1 want: 1.1.1
343 silly placeDep ROOT wrappy@1.0.2 OK for: once@1.4.0 want: 1
344 silly placeDep ROOT forwarded@0.2.0 OK for: proxy-addr@2.0.7 want: 0.2.0
345 silly placeDep ROOT ipaddr.js@1.9.1 OK for: proxy-addr@2.0.7 want: 1.9.1
346 silly placeDep ROOT side-channel@1.1.0 OK for: qs@6.14.0 want: ^1.1.0
347 silly fetch manifest es-errors@^1.3.0
348 silly packumentCache full:https://registry.npmjs.org/es-errors cache-miss
349 silly fetch manifest object-inspect@^1.13.3
350 silly packumentCache full:https://registry.npmjs.org/object-inspect cache-miss
351 silly fetch manifest side-channel-list@^1.0.0
352 silly packumentCache full:https://registry.npmjs.org/side-channel-list cache-miss
353 silly fetch manifest side-channel-map@^1.0.1
354 silly packumentCache full:https://registry.npmjs.org/side-channel-map cache-miss
355 silly fetch manifest side-channel-weakmap@^1.0.2
356 silly packumentCache full:https://registry.npmjs.org/side-channel-weakmap cache-miss
357 http fetch GET 200 https://registry.npmjs.org/object-inspect 155ms (cache miss)
358 silly packumentCache full:https://registry.npmjs.org/object-inspect set size:undefined disposed:false
359 http fetch GET 200 https://registry.npmjs.org/side-channel-weakmap 186ms (cache miss)
360 silly packumentCache full:https://registry.npmjs.org/side-channel-weakmap set size:undefined disposed:false
361 http fetch GET 200 https://registry.npmjs.org/side-channel-map 189ms (cache miss)
362 silly packumentCache full:https://registry.npmjs.org/side-channel-map set size:undefined disposed:false
363 http fetch GET 200 https://registry.npmjs.org/side-channel-list 193ms (cache miss)
364 silly packumentCache full:https://registry.npmjs.org/side-channel-list set size:undefined disposed:false
365 http fetch GET 200 https://registry.npmjs.org/es-errors 195ms (cache miss)
366 silly packumentCache full:https://registry.npmjs.org/es-errors set size:undefined disposed:false
367 silly placeDep ROOT unpipe@1.0.0 OK for: raw-body@3.0.0 want: 1.0.0
368 silly placeDep ROOT string_decoder@1.3.0 OK for: readable-stream@3.6.2 want: ^1.1.1
369 silly placeDep ROOT util-deprecate@1.0.2 OK for: readable-stream@3.6.2 want: ^1.0.1
370 silly placeDep ROOT is-promise@4.0.0 OK for: router@2.2.0 want: ^4.0.0
371 silly placeDep ROOT path-to-regexp@8.2.0 OK for: router@2.2.0 want: ^8.0.0
372 silly placeDep ROOT es-errors@1.3.0 OK for: side-channel@1.1.0 want: ^1.3.0
373 silly placeDep ROOT object-inspect@1.13.4 OK for: side-channel@1.1.0 want: ^1.13.3
374 silly placeDep ROOT side-channel-list@1.0.0 OK for: side-channel@1.1.0 want: ^1.0.0
375 silly placeDep ROOT side-channel-map@1.0.1 OK for: side-channel@1.1.0 want: ^1.0.1
376 silly placeDep ROOT side-channel-weakmap@1.0.2 OK for: side-channel@1.1.0 want: ^1.0.2
377 silly fetch manifest call-bound@^1.0.2
378 silly packumentCache full:https://registry.npmjs.org/call-bound cache-miss
379 silly fetch manifest get-intrinsic@^1.2.5
380 silly packumentCache full:https://registry.npmjs.org/get-intrinsic cache-miss
381 silly fetch manifest call-bound@^1.0.2
382 silly packumentCache full:https://registry.npmjs.org/call-bound cache-miss
383 silly fetch manifest get-intrinsic@^1.2.5
384 silly packumentCache full:https://registry.npmjs.org/get-intrinsic cache-miss
385 http fetch GET 200 https://registry.npmjs.org/call-bound 284ms (cache miss)
386 silly packumentCache full:https://registry.npmjs.org/call-bound set size:undefined disposed:false
387 http fetch GET 200 https://registry.npmjs.org/call-bound 299ms (cache miss)
388 silly packumentCache full:https://registry.npmjs.org/call-bound set size:undefined disposed:false
389 http fetch GET 200 https://registry.npmjs.org/get-intrinsic 301ms (cache miss)
390 silly packumentCache full:https://registry.npmjs.org/get-intrinsic set size:undefined disposed:false
391 http fetch GET 200 https://registry.npmjs.org/get-intrinsic 303ms (cache miss)
392 silly packumentCache full:https://registry.npmjs.org/get-intrinsic set size:undefined disposed:false
393 silly placeDep ROOT call-bound@1.0.4 OK for: side-channel-map@1.0.1 want: ^1.0.2
394 silly placeDep ROOT get-intrinsic@1.3.0 OK for: side-channel-map@1.0.1 want: ^1.2.5
395 silly fetch manifest call-bind-apply-helpers@^1.0.2
396 silly packumentCache full:https://registry.npmjs.org/call-bind-apply-helpers cache-miss
397 silly fetch manifest get-intrinsic@^1.3.0
398 silly packumentCache full:https://registry.npmjs.org/get-intrinsic cache-miss
399 silly fetch manifest call-bind-apply-helpers@^1.0.2
400 silly packumentCache full:https://registry.npmjs.org/call-bind-apply-helpers cache-miss
401 silly fetch manifest es-define-property@^1.0.1
402 silly packumentCache full:https://registry.npmjs.org/es-define-property cache-miss
403 silly fetch manifest es-object-atoms@^1.1.1
404 silly packumentCache full:https://registry.npmjs.org/es-object-atoms cache-miss
405 silly fetch manifest function-bind@^1.1.2
406 silly packumentCache full:https://registry.npmjs.org/function-bind cache-miss
407 silly fetch manifest get-proto@^1.0.1
408 silly packumentCache full:https://registry.npmjs.org/get-proto cache-miss
409 http cache https://registry.npmjs.org/get-intrinsic 9ms (cache hit)
410 silly packumentCache full:https://registry.npmjs.org/get-intrinsic set size:57687 disposed:false
411 silly fetch manifest gopd@^1.2.0
412 silly packumentCache full:https://registry.npmjs.org/gopd cache-miss
413 http fetch GET 200 https://registry.npmjs.org/function-bind 72ms (cache miss)
414 silly packumentCache full:https://registry.npmjs.org/function-bind set size:undefined disposed:false
415 silly fetch manifest has-symbols@^1.1.0
416 silly packumentCache full:https://registry.npmjs.org/has-symbols cache-miss
417 http fetch GET 200 https://registry.npmjs.org/call-bind-apply-helpers 83ms (cache miss)
418 silly packumentCache full:https://registry.npmjs.org/call-bind-apply-helpers set size:undefined disposed:false
419 silly fetch manifest hasown@^2.0.2
420 silly packumentCache full:https://registry.npmjs.org/hasown cache-miss
421 http fetch GET 200 https://registry.npmjs.org/get-proto 85ms (cache miss)
422 silly packumentCache full:https://registry.npmjs.org/get-proto set size:undefined disposed:false
423 silly fetch manifest math-intrinsics@^1.1.0
424 silly packumentCache full:https://registry.npmjs.org/math-intrinsics cache-miss
425 http fetch GET 200 https://registry.npmjs.org/call-bind-apply-helpers 86ms (cache miss)
426 silly packumentCache full:https://registry.npmjs.org/call-bind-apply-helpers set size:undefined disposed:false
427 http fetch GET 200 https://registry.npmjs.org/es-object-atoms 87ms (cache miss)
428 silly packumentCache full:https://registry.npmjs.org/es-object-atoms set size:undefined disposed:false
429 http fetch GET 200 https://registry.npmjs.org/gopd 81ms (cache miss)
430 silly packumentCache full:https://registry.npmjs.org/gopd set size:undefined disposed:false
431 http fetch GET 200 https://registry.npmjs.org/es-define-property 91ms (cache miss)
432 silly packumentCache full:https://registry.npmjs.org/es-define-property set size:undefined disposed:false
433 http fetch GET 200 https://registry.npmjs.org/has-symbols 67ms (cache miss)
434 silly packumentCache full:https://registry.npmjs.org/has-symbols set size:undefined disposed:false
435 http fetch GET 200 https://registry.npmjs.org/hasown 60ms (cache miss)
436 silly packumentCache full:https://registry.npmjs.org/hasown set size:undefined disposed:false
437 http fetch GET 200 https://registry.npmjs.org/math-intrinsics 63ms (cache miss)
438 silly packumentCache full:https://registry.npmjs.org/math-intrinsics set size:undefined disposed:false
439 silly placeDep ROOT call-bind-apply-helpers@1.0.2 OK for: call-bound@1.0.4 want: ^1.0.2
440 silly placeDep ROOT function-bind@1.1.2 OK for: call-bind-apply-helpers@1.0.2 want: ^1.1.2
441 silly placeDep ROOT es-define-property@1.0.1 OK for: get-intrinsic@1.3.0 want: ^1.0.1
442 silly placeDep ROOT es-object-atoms@1.1.1 OK for: get-intrinsic@1.3.0 want: ^1.1.1
443 silly placeDep ROOT get-proto@1.0.1 OK for: get-intrinsic@1.3.0 want: ^1.0.1
444 silly placeDep ROOT gopd@1.2.0 OK for: get-intrinsic@1.3.0 want: ^1.2.0
445 silly placeDep ROOT has-symbols@1.1.0 OK for: get-intrinsic@1.3.0 want: ^1.1.0
446 silly placeDep ROOT hasown@2.0.2 OK for: get-intrinsic@1.3.0 want: ^2.0.2
447 silly placeDep ROOT math-intrinsics@1.1.0 OK for: get-intrinsic@1.3.0 want: ^1.1.0
448 silly fetch manifest dunder-proto@^1.0.1
449 silly packumentCache full:https://registry.npmjs.org/dunder-proto cache-miss
450 http fetch GET 200 https://registry.npmjs.org/dunder-proto 64ms (cache miss)
451 silly packumentCache full:https://registry.npmjs.org/dunder-proto set size:undefined disposed:false
452 silly placeDep ROOT dunder-proto@1.0.1 OK for: get-proto@1.0.1 want: ^1.0.1
453 silly placeDep ROOT media-typer@1.1.0 OK for: type-is@2.0.1 want: ^1.1.0
454 silly placeDep node_modules/multer media-typer@0.3.0 OK for: type-is@1.6.18 want: 0.3.0
455 silly placeDep node_modules/multer mime-types@2.1.35 OK for: type-is@1.6.18 want: ~2.1.24
456 silly fetch manifest mime-db@1.52.0
457 silly packumentCache full:https://registry.npmjs.org/mime-db cache-miss
458 http cache https://registry.npmjs.org/mime-db 6ms (cache hit)
459 silly packumentCache full:https://registry.npmjs.org/mime-db set size:164953 disposed:false
460 silly placeDep node_modules/multer mime-db@1.52.0 OK for: mime-types@2.1.35 want: 1.52.0
461 silly reify moves {}
462 silly audit bulk request {
462 silly audit   multer: [ '2.0.2' ],
462 silly audit   express: [ '5.1.0' ],
462 silly audit   accepts: [ '2.0.0' ],
462 silly audit   'body-parser': [ '2.2.0' ],
462 silly audit   'content-disposition': [ '1.0.0' ],
462 silly audit   'content-type': [ '1.0.5' ],
462 silly audit   cookie: [ '0.7.2' ],
462 silly audit   'cookie-signature': [ '1.2.2' ],
462 silly audit   debug: [ '4.4.1' ],
462 silly audit   encodeurl: [ '2.0.0' ],
462 silly audit   'escape-html': [ '1.0.3' ],
462 silly audit   etag: [ '1.8.1' ],
462 silly audit   finalhandler: [ '2.1.0' ],
462 silly audit   fresh: [ '2.0.0' ],
462 silly audit   'http-errors': [ '2.0.0' ],
462 silly audit   'merge-descriptors': [ '2.0.0' ],
462 silly audit   'mime-types': [ '3.0.1', '2.1.35' ],
462 silly audit   'on-finished': [ '2.4.1' ],
462 silly audit   once: [ '1.4.0' ],
462 silly audit   parseurl: [ '1.3.3' ],
462 silly audit   'proxy-addr': [ '2.0.7' ],
462 silly audit   qs: [ '6.14.0' ],
462 silly audit   'range-parser': [ '1.2.1' ],
462 silly audit   router: [ '2.2.0' ],
462 silly audit   send: [ '1.2.0' ],
462 silly audit   'serve-static': [ '2.2.0' ],
462 silly audit   statuses: [ '2.0.2', '2.0.1' ],
462 silly audit   'type-is': [ '2.0.1', '1.6.18' ],
462 silly audit   vary: [ '1.1.2' ],
462 silly audit   negotiator: [ '1.0.0' ],
462 silly audit   bytes: [ '3.1.2' ],
462 silly audit   'iconv-lite': [ '0.6.3' ],
462 silly audit   'raw-body': [ '3.0.0' ],
462 silly audit   'safe-buffer': [ '5.2.1' ],
462 silly audit   ms: [ '2.1.3' ],
462 silly audit   depd: [ '2.0.0' ],
462 silly audit   inherits: [ '2.0.4' ],
462 silly audit   setprototypeof: [ '1.2.0' ],
462 silly audit   toidentifier: [ '1.0.1' ],
462 silly audit   'safer-buffer': [ '2.1.2' ],
462 silly audit   'mime-db': [ '1.54.0', '1.52.0' ],
462 silly audit   'append-field': [ '1.0.0' ],
462 silly audit   busboy: [ '1.6.0' ],
462 silly audit   'concat-stream': [ '2.0.0' ],
462 silly audit   mkdirp: [ '0.5.6' ],
462 silly audit   'object-assign': [ '4.1.1' ],
462 silly audit   xtend: [ '4.0.2' ],
462 silly audit   streamsearch: [ '1.1.0' ],
462 silly audit   'buffer-from': [ '1.1.2' ],
462 silly audit   'readable-stream': [ '3.6.2' ],
462 silly audit   typedarray: [ '0.0.6' ],
462 silly audit   minimist: [ '1.2.8' ],
462 silly audit   'ee-first': [ '1.1.1' ],
462 silly audit   wrappy: [ '1.0.2' ],
462 silly audit   forwarded: [ '0.2.0' ],
462 silly audit   'ipaddr.js': [ '1.9.1' ],
462 silly audit   'side-channel': [ '1.1.0' ],
462 silly audit   unpipe: [ '1.0.0' ],
462 silly audit   string_decoder: [ '1.3.0' ],
462 silly audit   'util-deprecate': [ '1.0.2' ],
462 silly audit   'is-promise': [ '4.0.0' ],
462 silly audit   'path-to-regexp': [ '8.2.0' ],
462 silly audit   'es-errors': [ '1.3.0' ],
462 silly audit   'object-inspect': [ '1.13.4' ],
462 silly audit   'side-channel-list': [ '1.0.0' ],
462 silly audit   'side-channel-map': [ '1.0.1' ],
462 silly audit   'side-channel-weakmap': [ '1.0.2' ],
462 silly audit   'call-bound': [ '1.0.4' ],
462 silly audit   'get-intrinsic': [ '1.3.0' ],
462 silly audit   'call-bind-apply-helpers': [ '1.0.2' ],
462 silly audit   'function-bind': [ '1.1.2' ],
462 silly audit   'es-define-property': [ '1.0.1' ],
462 silly audit   'es-object-atoms': [ '1.1.1' ],
462 silly audit   'get-proto': [ '1.0.1' ],
462 silly audit   gopd: [ '1.2.0' ],
462 silly audit   'has-symbols': [ '1.1.0' ],
462 silly audit   hasown: [ '2.0.2' ],
462 silly audit   'math-intrinsics': [ '1.1.0' ],
462 silly audit   'dunder-proto': [ '1.0.1' ],
462 silly audit   'media-typer': [ '1.1.0', '0.3.0' ]
462 silly audit }
463 http cache media-typer@https://registry.npmjs.org/media-typer/-/media-typer-1.1.0.tgz 0ms (cache hit)
464 http cache dunder-proto@https://registry.npmjs.org/dunder-proto/-/dunder-proto-1.0.1.tgz 0ms (cache hit)
465 http cache has-symbols@https://registry.npmjs.org/has-symbols/-/has-symbols-1.1.0.tgz 0ms (cache hit)
466 http cache math-intrinsics@https://registry.npmjs.org/math-intrinsics/-/math-intrinsics-1.1.0.tgz 0ms (cache hit)
467 http cache hasown@https://registry.npmjs.org/hasown/-/hasown-2.0.2.tgz 0ms (cache hit)
468 http cache gopd@https://registry.npmjs.org/gopd/-/gopd-1.2.0.tgz 0ms (cache hit)
469 http cache get-proto@https://registry.npmjs.org/get-proto/-/get-proto-1.0.1.tgz 0ms (cache hit)
470 http cache es-object-atoms@https://registry.npmjs.org/es-object-atoms/-/es-object-atoms-1.1.1.tgz 0ms (cache hit)
471 http cache es-define-property@https://registry.npmjs.org/es-define-property/-/es-define-property-1.0.1.tgz 0ms (cache hit)
472 http cache function-bind@https://registry.npmjs.org/function-bind/-/function-bind-1.1.2.tgz 0ms (cache hit)
473 http cache call-bind-apply-helpers@https://registry.npmjs.org/call-bind-apply-helpers/-/call-bind-apply-helpers-1.0.2.tgz 0ms (cache hit)
474 http cache get-intrinsic@https://registry.npmjs.org/get-intrinsic/-/get-intrinsic-1.3.0.tgz 0ms (cache hit)
475 http cache call-bound@https://registry.npmjs.org/call-bound/-/call-bound-1.0.4.tgz 0ms (cache hit)
476 http cache side-channel-weakmap@https://registry.npmjs.org/side-channel-weakmap/-/side-channel-weakmap-1.0.2.tgz 0ms (cache hit)
477 http cache side-channel-map@https://registry.npmjs.org/side-channel-map/-/side-channel-map-1.0.1.tgz 0ms (cache hit)
478 http cache side-channel-list@https://registry.npmjs.org/side-channel-list/-/side-channel-list-1.0.0.tgz 0ms (cache hit)
479 http cache es-errors@https://registry.npmjs.org/es-errors/-/es-errors-1.3.0.tgz 0ms (cache hit)
480 http cache path-to-regexp@https://registry.npmjs.org/path-to-regexp/-/path-to-regexp-8.2.0.tgz 0ms (cache hit)
481 http cache object-inspect@https://registry.npmjs.org/object-inspect/-/object-inspect-1.13.4.tgz 0ms (cache hit)
482 http cache util-deprecate@https://registry.npmjs.org/util-deprecate/-/util-deprecate-1.0.2.tgz 0ms (cache hit)
483 http cache unpipe@https://registry.npmjs.org/unpipe/-/unpipe-1.0.0.tgz 0ms (cache hit)
484 http cache string_decoder@https://registry.npmjs.org/string_decoder/-/string_decoder-1.3.0.tgz 0ms (cache hit)
485 http cache side-channel@https://registry.npmjs.org/side-channel/-/side-channel-1.1.0.tgz 0ms (cache hit)
486 http cache is-promise@https://registry.npmjs.org/is-promise/-/is-promise-4.0.0.tgz 0ms (cache hit)
487 http cache ipaddr.js@https://registry.npmjs.org/ipaddr.js/-/ipaddr.js-1.9.1.tgz 0ms (cache hit)
488 http cache wrappy@https://registry.npmjs.org/wrappy/-/wrappy-1.0.2.tgz 0ms (cache hit)
489 http cache ee-first@https://registry.npmjs.org/ee-first/-/ee-first-1.1.1.tgz 0ms (cache hit)
490 http cache forwarded@https://registry.npmjs.org/forwarded/-/forwarded-0.2.0.tgz 0ms (cache hit)
491 http cache readable-stream@https://registry.npmjs.org/readable-stream/-/readable-stream-3.6.2.tgz 0ms (cache hit)
492 http cache minimist@https://registry.npmjs.org/minimist/-/minimist-1.2.8.tgz 0ms (cache hit)
493 http cache typedarray@https://registry.npmjs.org/typedarray/-/typedarray-0.0.6.tgz 0ms (cache hit)
494 http cache buffer-from@https://registry.npmjs.org/buffer-from/-/buffer-from-1.1.2.tgz 0ms (cache hit)
495 http cache streamsearch@https://registry.npmjs.org/streamsearch/-/streamsearch-1.1.0.tgz 0ms (cache hit)
496 http cache xtend@https://registry.npmjs.org/xtend/-/xtend-4.0.2.tgz 0ms (cache hit)
497 http cache object-assign@https://registry.npmjs.org/object-assign/-/object-assign-4.1.1.tgz 0ms (cache hit)
498 http cache concat-stream@https://registry.npmjs.org/concat-stream/-/concat-stream-2.0.0.tgz 0ms (cache hit)
499 http cache mkdirp@https://registry.npmjs.org/mkdirp/-/mkdirp-0.5.6.tgz 0ms (cache hit)
500 http cache busboy@https://registry.npmjs.org/busboy/-/busboy-1.6.0.tgz 0ms (cache hit)
501 http cache mime-db@https://registry.npmjs.org/mime-db/-/mime-db-1.54.0.tgz 0ms (cache hit)
502 http cache append-field@https://registry.npmjs.org/append-field/-/append-field-1.0.0.tgz 0ms (cache hit)
503 http cache safer-buffer@https://registry.npmjs.org/safer-buffer/-/safer-buffer-2.1.2.tgz 0ms (cache hit)
504 http cache toidentifier@https://registry.npmjs.org/toidentifier/-/toidentifier-1.0.1.tgz 0ms (cache hit)
505 http cache setprototypeof@https://registry.npmjs.org/setprototypeof/-/setprototypeof-1.2.0.tgz 0ms (cache hit)
506 http cache inherits@https://registry.npmjs.org/inherits/-/inherits-2.0.4.tgz 0ms (cache hit)
507 http cache ms@https://registry.npmjs.org/ms/-/ms-2.1.3.tgz 0ms (cache hit)
508 http cache depd@https://registry.npmjs.org/depd/-/depd-2.0.0.tgz 0ms (cache hit)
509 http cache iconv-lite@https://registry.npmjs.org/iconv-lite/-/iconv-lite-0.6.3.tgz 0ms (cache hit)
510 http cache safe-buffer@https://registry.npmjs.org/safe-buffer/-/safe-buffer-5.2.1.tgz 0ms (cache hit)
511 http cache raw-body@https://registry.npmjs.org/raw-body/-/raw-body-3.0.0.tgz 0ms (cache hit)
512 http cache bytes@https://registry.npmjs.org/bytes/-/bytes-3.1.2.tgz 0ms (cache hit)
513 http cache negotiator@https://registry.npmjs.org/negotiator/-/negotiator-1.0.0.tgz 0ms (cache hit)
514 http cache vary@https://registry.npmjs.org/vary/-/vary-1.1.2.tgz 0ms (cache hit)
515 http cache type-is@https://registry.npmjs.org/type-is/-/type-is-2.0.1.tgz 0ms (cache hit)
516 http cache serve-static@https://registry.npmjs.org/serve-static/-/serve-static-2.2.0.tgz 0ms (cache hit)
517 http cache statuses@https://registry.npmjs.org/statuses/-/statuses-2.0.2.tgz 0ms (cache hit)
518 http cache send@https://registry.npmjs.org/send/-/send-1.2.0.tgz 0ms (cache hit)
519 http cache range-parser@https://registry.npmjs.org/range-parser/-/range-parser-1.2.1.tgz 0ms (cache hit)
520 http cache router@https://registry.npmjs.org/router/-/router-2.2.0.tgz 0ms (cache hit)
521 http cache qs@https://registry.npmjs.org/qs/-/qs-6.14.0.tgz 0ms (cache hit)
522 http cache parseurl@https://registry.npmjs.org/parseurl/-/parseurl-1.3.3.tgz 0ms (cache hit)
523 http cache proxy-addr@https://registry.npmjs.org/proxy-addr/-/proxy-addr-2.0.7.tgz 0ms (cache hit)
524 http cache once@https://registry.npmjs.org/once/-/once-1.4.0.tgz 0ms (cache hit)
525 http cache mime-types@https://registry.npmjs.org/mime-types/-/mime-types-3.0.1.tgz 0ms (cache hit)
526 http cache on-finished@https://registry.npmjs.org/on-finished/-/on-finished-2.4.1.tgz 0ms (cache hit)
527 http cache merge-descriptors@https://registry.npmjs.org/merge-descriptors/-/merge-descriptors-2.0.0.tgz 0ms (cache hit)
528 http cache finalhandler@https://registry.npmjs.org/finalhandler/-/finalhandler-2.1.0.tgz 0ms (cache hit)
529 http cache http-errors@https://registry.npmjs.org/http-errors/-/http-errors-2.0.0.tgz 0ms (cache hit)
530 http cache fresh@https://registry.npmjs.org/fresh/-/fresh-2.0.0.tgz 0ms (cache hit)
531 http cache etag@https://registry.npmjs.org/etag/-/etag-1.8.1.tgz 0ms (cache hit)
532 http cache escape-html@https://registry.npmjs.org/escape-html/-/escape-html-1.0.3.tgz 0ms (cache hit)
533 http cache debug@https://registry.npmjs.org/debug/-/debug-4.4.1.tgz 0ms (cache hit)
534 http cache encodeurl@https://registry.npmjs.org/encodeurl/-/encodeurl-2.0.0.tgz 0ms (cache hit)
535 http cache cookie-signature@https://registry.npmjs.org/cookie-signature/-/cookie-signature-1.2.2.tgz 0ms (cache hit)
536 http cache content-type@https://registry.npmjs.org/content-type/-/content-type-1.0.5.tgz 0ms (cache hit)
537 http cache cookie@https://registry.npmjs.org/cookie/-/cookie-0.7.2.tgz 0ms (cache hit)
538 http cache content-disposition@https://registry.npmjs.org/content-disposition/-/content-disposition-1.0.0.tgz 0ms (cache hit)
539 http cache accepts@https://registry.npmjs.org/accepts/-/accepts-2.0.0.tgz 0ms (cache hit)
540 http cache body-parser@https://registry.npmjs.org/body-parser/-/body-parser-2.2.0.tgz 0ms (cache hit)
541 http cache multer@https://registry.npmjs.org/multer/-/multer-2.0.2.tgz 0ms (cache hit)
542 http cache mime-db@https://registry.npmjs.org/mime-db/-/mime-db-1.52.0.tgz 0ms (cache hit)
543 http cache statuses@https://registry.npmjs.org/statuses/-/statuses-2.0.1.tgz 0ms (cache hit)
544 http cache express@https://registry.npmjs.org/express/-/express-5.1.0.tgz 0ms (cache hit)
545 silly tarball no local data for media-typer@https://registry.npmjs.org/media-typer/-/media-typer-1.1.0.tgz. Extracting by manifest.
546 silly tarball no local data for dunder-proto@https://registry.npmjs.org/dunder-proto/-/dunder-proto-1.0.1.tgz. Extracting by manifest.
547 silly tarball no local data for has-symbols@https://registry.npmjs.org/has-symbols/-/has-symbols-1.1.0.tgz. Extracting by manifest.
548 silly tarball no local data for math-intrinsics@https://registry.npmjs.org/math-intrinsics/-/math-intrinsics-1.1.0.tgz. Extracting by manifest.
549 silly tarball no local data for hasown@https://registry.npmjs.org/hasown/-/hasown-2.0.2.tgz. Extracting by manifest.
550 silly tarball no local data for gopd@https://registry.npmjs.org/gopd/-/gopd-1.2.0.tgz. Extracting by manifest.
551 silly tarball no local data for get-proto@https://registry.npmjs.org/get-proto/-/get-proto-1.0.1.tgz. Extracting by manifest.
552 silly tarball no local data for es-object-atoms@https://registry.npmjs.org/es-object-atoms/-/es-object-atoms-1.1.1.tgz. Extracting by manifest.
553 silly tarball no local data for es-define-property@https://registry.npmjs.org/es-define-property/-/es-define-property-1.0.1.tgz. Extracting by manifest.
554 silly tarball no local data for function-bind@https://registry.npmjs.org/function-bind/-/function-bind-1.1.2.tgz. Extracting by manifest.
555 silly tarball no local data for call-bind-apply-helpers@https://registry.npmjs.org/call-bind-apply-helpers/-/call-bind-apply-helpers-1.0.2.tgz. Extracting by manifest.
556 silly tarball no local data for get-intrinsic@https://registry.npmjs.org/get-intrinsic/-/get-intrinsic-1.3.0.tgz. Extracting by manifest.
557 silly tarball no local data for call-bound@https://registry.npmjs.org/call-bound/-/call-bound-1.0.4.tgz. Extracting by manifest.
558 http cache type-is@https://registry.npmjs.org/type-is/-/type-is-1.6.18.tgz 0ms (cache hit)
559 http cache mime-types@https://registry.npmjs.org/mime-types/-/mime-types-2.1.35.tgz 0ms (cache hit)
560 silly tarball no local data for side-channel-weakmap@https://registry.npmjs.org/side-channel-weakmap/-/side-channel-weakmap-1.0.2.tgz. Extracting by manifest.
561 silly tarball no local data for side-channel-map@https://registry.npmjs.org/side-channel-map/-/side-channel-map-1.0.1.tgz. Extracting by manifest.
562 silly tarball no local data for side-channel-list@https://registry.npmjs.org/side-channel-list/-/side-channel-list-1.0.0.tgz. Extracting by manifest.
563 silly tarball no local data for es-errors@https://registry.npmjs.org/es-errors/-/es-errors-1.3.0.tgz. Extracting by manifest.
564 silly tarball no local data for path-to-regexp@https://registry.npmjs.org/path-to-regexp/-/path-to-regexp-8.2.0.tgz. Extracting by manifest.
565 http cache media-typer@https://registry.npmjs.org/media-typer/-/media-typer-0.3.0.tgz 0ms (cache hit)
566 silly tarball no local data for object-inspect@https://registry.npmjs.org/object-inspect/-/object-inspect-1.13.4.tgz. Extracting by manifest.
567 silly tarball no local data for util-deprecate@https://registry.npmjs.org/util-deprecate/-/util-deprecate-1.0.2.tgz. Extracting by manifest.
568 silly tarball no local data for unpipe@https://registry.npmjs.org/unpipe/-/unpipe-1.0.0.tgz. Extracting by manifest.
569 silly tarball no local data for string_decoder@https://registry.npmjs.org/string_decoder/-/string_decoder-1.3.0.tgz. Extracting by manifest.
570 silly tarball no local data for side-channel@https://registry.npmjs.org/side-channel/-/side-channel-1.1.0.tgz. Extracting by manifest.
571 silly tarball no local data for is-promise@https://registry.npmjs.org/is-promise/-/is-promise-4.0.0.tgz. Extracting by manifest.
572 silly tarball no local data for ipaddr.js@https://registry.npmjs.org/ipaddr.js/-/ipaddr.js-1.9.1.tgz. Extracting by manifest.
573 silly tarball no local data for wrappy@https://registry.npmjs.org/wrappy/-/wrappy-1.0.2.tgz. Extracting by manifest.
574 silly tarball no local data for ee-first@https://registry.npmjs.org/ee-first/-/ee-first-1.1.1.tgz. Extracting by manifest.
575 silly tarball no local data for forwarded@https://registry.npmjs.org/forwarded/-/forwarded-0.2.0.tgz. Extracting by manifest.
576 silly tarball no local data for readable-stream@https://registry.npmjs.org/readable-stream/-/readable-stream-3.6.2.tgz. Extracting by manifest.
577 silly tarball no local data for minimist@https://registry.npmjs.org/minimist/-/minimist-1.2.8.tgz. Extracting by manifest.
578 silly tarball no local data for typedarray@https://registry.npmjs.org/typedarray/-/typedarray-0.0.6.tgz. Extracting by manifest.
579 silly tarball no local data for buffer-from@https://registry.npmjs.org/buffer-from/-/buffer-from-1.1.2.tgz. Extracting by manifest.
580 silly tarball no local data for streamsearch@https://registry.npmjs.org/streamsearch/-/streamsearch-1.1.0.tgz. Extracting by manifest.
581 silly tarball no local data for xtend@https://registry.npmjs.org/xtend/-/xtend-4.0.2.tgz. Extracting by manifest.
582 silly tarball no local data for object-assign@https://registry.npmjs.org/object-assign/-/object-assign-4.1.1.tgz. Extracting by manifest.
583 silly tarball no local data for concat-stream@https://registry.npmjs.org/concat-stream/-/concat-stream-2.0.0.tgz. Extracting by manifest.
584 silly tarball no local data for mkdirp@https://registry.npmjs.org/mkdirp/-/mkdirp-0.5.6.tgz. Extracting by manifest.
585 silly tarball no local data for busboy@https://registry.npmjs.org/busboy/-/busboy-1.6.0.tgz. Extracting by manifest.
586 silly tarball no local data for mime-db@https://registry.npmjs.org/mime-db/-/mime-db-1.54.0.tgz. Extracting by manifest.
587 silly tarball no local data for append-field@https://registry.npmjs.org/append-field/-/append-field-1.0.0.tgz. Extracting by manifest.
588 silly tarball no local data for safer-buffer@https://registry.npmjs.org/safer-buffer/-/safer-buffer-2.1.2.tgz. Extracting by manifest.
589 silly tarball no local data for toidentifier@https://registry.npmjs.org/toidentifier/-/toidentifier-1.0.1.tgz. Extracting by manifest.
590 silly tarball no local data for setprototypeof@https://registry.npmjs.org/setprototypeof/-/setprototypeof-1.2.0.tgz. Extracting by manifest.
591 silly tarball no local data for inherits@https://registry.npmjs.org/inherits/-/inherits-2.0.4.tgz. Extracting by manifest.
592 silly tarball no local data for ms@https://registry.npmjs.org/ms/-/ms-2.1.3.tgz. Extracting by manifest.
593 silly tarball no local data for depd@https://registry.npmjs.org/depd/-/depd-2.0.0.tgz. Extracting by manifest.
594 silly tarball no local data for iconv-lite@https://registry.npmjs.org/iconv-lite/-/iconv-lite-0.6.3.tgz. Extracting by manifest.
595 silly tarball no local data for safe-buffer@https://registry.npmjs.org/safe-buffer/-/safe-buffer-5.2.1.tgz. Extracting by manifest.
596 silly tarball no local data for raw-body@https://registry.npmjs.org/raw-body/-/raw-body-3.0.0.tgz. Extracting by manifest.
597 silly tarball no local data for bytes@https://registry.npmjs.org/bytes/-/bytes-3.1.2.tgz. Extracting by manifest.
598 silly tarball no local data for negotiator@https://registry.npmjs.org/negotiator/-/negotiator-1.0.0.tgz. Extracting by manifest.
599 silly tarball no local data for vary@https://registry.npmjs.org/vary/-/vary-1.1.2.tgz. Extracting by manifest.
600 silly tarball no local data for type-is@https://registry.npmjs.org/type-is/-/type-is-2.0.1.tgz. Extracting by manifest.
601 silly tarball no local data for serve-static@https://registry.npmjs.org/serve-static/-/serve-static-2.2.0.tgz. Extracting by manifest.
602 silly tarball no local data for statuses@https://registry.npmjs.org/statuses/-/statuses-2.0.2.tgz. Extracting by manifest.
603 silly tarball no local data for send@https://registry.npmjs.org/send/-/send-1.2.0.tgz. Extracting by manifest.
604 silly tarball no local data for range-parser@https://registry.npmjs.org/range-parser/-/range-parser-1.2.1.tgz. Extracting by manifest.
605 silly tarball no local data for router@https://registry.npmjs.org/router/-/router-2.2.0.tgz. Extracting by manifest.
606 silly tarball no local data for qs@https://registry.npmjs.org/qs/-/qs-6.14.0.tgz. Extracting by manifest.
607 silly tarball no local data for parseurl@https://registry.npmjs.org/parseurl/-/parseurl-1.3.3.tgz. Extracting by manifest.
608 silly tarball no local data for proxy-addr@https://registry.npmjs.org/proxy-addr/-/proxy-addr-2.0.7.tgz. Extracting by manifest.
609 silly tarball no local data for once@https://registry.npmjs.org/once/-/once-1.4.0.tgz. Extracting by manifest.
610 silly tarball no local data for mime-types@https://registry.npmjs.org/mime-types/-/mime-types-3.0.1.tgz. Extracting by manifest.
611 silly tarball no local data for on-finished@https://registry.npmjs.org/on-finished/-/on-finished-2.4.1.tgz. Extracting by manifest.
612 silly tarball no local data for merge-descriptors@https://registry.npmjs.org/merge-descriptors/-/merge-descriptors-2.0.0.tgz. Extracting by manifest.
613 silly tarball no local data for finalhandler@https://registry.npmjs.org/finalhandler/-/finalhandler-2.1.0.tgz. Extracting by manifest.
614 silly tarball no local data for http-errors@https://registry.npmjs.org/http-errors/-/http-errors-2.0.0.tgz. Extracting by manifest.
615 silly tarball no local data for fresh@https://registry.npmjs.org/fresh/-/fresh-2.0.0.tgz. Extracting by manifest.
616 silly tarball no local data for etag@https://registry.npmjs.org/etag/-/etag-1.8.1.tgz. Extracting by manifest.
617 silly tarball no local data for escape-html@https://registry.npmjs.org/escape-html/-/escape-html-1.0.3.tgz. Extracting by manifest.
618 silly tarball no local data for debug@https://registry.npmjs.org/debug/-/debug-4.4.1.tgz. Extracting by manifest.
619 silly tarball no local data for encodeurl@https://registry.npmjs.org/encodeurl/-/encodeurl-2.0.0.tgz. Extracting by manifest.
620 silly tarball no local data for cookie-signature@https://registry.npmjs.org/cookie-signature/-/cookie-signature-1.2.2.tgz. Extracting by manifest.
621 silly tarball no local data for content-type@https://registry.npmjs.org/content-type/-/content-type-1.0.5.tgz. Extracting by manifest.
622 silly tarball no local data for cookie@https://registry.npmjs.org/cookie/-/cookie-0.7.2.tgz. Extracting by manifest.
623 silly tarball no local data for content-disposition@https://registry.npmjs.org/content-disposition/-/content-disposition-1.0.0.tgz. Extracting by manifest.
624 silly tarball no local data for accepts@https://registry.npmjs.org/accepts/-/accepts-2.0.0.tgz. Extracting by manifest.
625 silly tarball no local data for body-parser@https://registry.npmjs.org/body-parser/-/body-parser-2.2.0.tgz. Extracting by manifest.
626 silly tarball no local data for multer@https://registry.npmjs.org/multer/-/multer-2.0.2.tgz. Extracting by manifest.
627 silly tarball no local data for mime-db@https://registry.npmjs.org/mime-db/-/mime-db-1.52.0.tgz. Extracting by manifest.
628 silly tarball no local data for statuses@https://registry.npmjs.org/statuses/-/statuses-2.0.1.tgz. Extracting by manifest.
629 silly tarball no local data for express@https://registry.npmjs.org/express/-/express-5.1.0.tgz. Extracting by manifest.
630 silly tarball no local data for type-is@https://registry.npmjs.org/type-is/-/type-is-1.6.18.tgz. Extracting by manifest.
631 silly tarball no local data for mime-types@https://registry.npmjs.org/mime-types/-/mime-types-2.1.35.tgz. Extracting by manifest.
632 silly tarball no local data for media-typer@https://registry.npmjs.org/media-typer/-/media-typer-0.3.0.tgz. Extracting by manifest.
633 http fetch GET 200 https://registry.npmjs.org/has-symbols/-/has-symbols-1.1.0.tgz 438ms (cache miss)
634 http fetch POST 200 https://registry.npmjs.org/-/npm/v1/security/advisories/bulk 475ms
635 silly audit report {}
636 http fetch GET 200 https://registry.npmjs.org/math-intrinsics/-/math-intrinsics-1.1.0.tgz 462ms (cache miss)
637 http fetch GET 200 https://registry.npmjs.org/dunder-proto/-/dunder-proto-1.0.1.tgz 478ms (cache miss)
638 http fetch GET 200 https://registry.npmjs.org/gopd/-/gopd-1.2.0.tgz 489ms (cache miss)
639 http fetch GET 200 https://registry.npmjs.org/media-typer/-/media-typer-1.1.0.tgz 516ms (cache miss)
640 http fetch GET 200 https://registry.npmjs.org/side-channel-map/-/side-channel-map-1.0.1.tgz 586ms (cache miss)
641 http fetch GET 200 https://registry.npmjs.org/util-deprecate/-/util-deprecate-1.0.2.tgz 598ms (cache miss)
642 http fetch GET 200 https://registry.npmjs.org/es-errors/-/es-errors-1.3.0.tgz 600ms (cache miss)
643 http fetch GET 200 https://registry.npmjs.org/side-channel-list/-/side-channel-list-1.0.0.tgz 641ms (cache miss)
644 http fetch GET 200 https://registry.npmjs.org/string_decoder/-/string_decoder-1.3.0.tgz 640ms (cache miss)
645 http fetch GET 200 https://registry.npmjs.org/is-promise/-/is-promise-4.0.0.tgz 698ms (cache miss)
646 http fetch GET 200 https://registry.npmjs.org/unpipe/-/unpipe-1.0.0.tgz 732ms (cache miss)
647 http fetch GET 200 https://registry.npmjs.org/side-channel/-/side-channel-1.1.0.tgz 732ms (cache miss)
648 http fetch GET 200 https://registry.npmjs.org/ipaddr.js/-/ipaddr.js-1.9.1.tgz 755ms (cache miss)
649 http fetch GET 200 https://registry.npmjs.org/ee-first/-/ee-first-1.1.1.tgz 756ms (cache miss)
650 http fetch GET 200 https://registry.npmjs.org/typedarray/-/typedarray-0.0.6.tgz 756ms (cache miss)
651 http fetch GET 200 https://registry.npmjs.org/path-to-regexp/-/path-to-regexp-8.2.0.tgz 781ms (cache miss)
652 http fetch GET 200 https://registry.npmjs.org/wrappy/-/wrappy-1.0.2.tgz 803ms (cache miss)
653 http fetch GET 200 https://registry.npmjs.org/forwarded/-/forwarded-0.2.0.tgz 807ms (cache miss)
654 http fetch GET 200 https://registry.npmjs.org/streamsearch/-/streamsearch-1.1.0.tgz 808ms (cache miss)
655 http fetch GET 200 https://registry.npmjs.org/buffer-from/-/buffer-from-1.1.2.tgz 825ms (cache miss)
656 http fetch GET 200 https://registry.npmjs.org/mkdirp/-/mkdirp-0.5.6.tgz 824ms (cache miss)
657 http fetch GET 200 https://registry.npmjs.org/concat-stream/-/concat-stream-2.0.0.tgz 844ms (cache miss)
658 http fetch GET 200 https://registry.npmjs.org/xtend/-/xtend-4.0.2.tgz 871ms (cache miss)
659 http fetch GET 200 https://registry.npmjs.org/negotiator/-/negotiator-1.0.0.tgz 877ms (cache miss)
660 http fetch GET 200 https://registry.npmjs.org/safe-buffer/-/safe-buffer-5.2.1.tgz 889ms (cache miss)
661 http fetch GET 200 https://registry.npmjs.org/object-assign/-/object-assign-4.1.1.tgz 905ms (cache miss)
662 http fetch GET 200 https://registry.npmjs.org/bytes/-/bytes-3.1.2.tgz 908ms (cache miss)
663 http fetch GET 200 https://registry.npmjs.org/inherits/-/inherits-2.0.4.tgz 910ms (cache miss)
664 http fetch GET 200 https://registry.npmjs.org/ms/-/ms-2.1.3.tgz 910ms (cache miss)
665 http fetch GET 200 https://registry.npmjs.org/toidentifier/-/toidentifier-1.0.1.tgz 936ms (cache miss)
666 http fetch GET 200 https://registry.npmjs.org/raw-body/-/raw-body-3.0.0.tgz 942ms (cache miss)
667 http fetch GET 200 https://registry.npmjs.org/hasown/-/hasown-2.0.2.tgz 966ms (cache miss)
668 http fetch GET 200 https://registry.npmjs.org/setprototypeof/-/setprototypeof-1.2.0.tgz 970ms (cache miss)
669 http fetch GET 200 https://registry.npmjs.org/vary/-/vary-1.1.2.tgz 999ms (cache miss)
670 http fetch GET 200 https://registry.npmjs.org/once/-/once-1.4.0.tgz 1007ms (cache miss)
671 http fetch GET 200 https://registry.npmjs.org/merge-descriptors/-/merge-descriptors-2.0.0.tgz 1045ms (cache miss)
672 http fetch GET 200 https://registry.npmjs.org/on-finished/-/on-finished-2.4.1.tgz 1047ms (cache miss)
673 http fetch GET 200 https://registry.npmjs.org/cookie/-/cookie-0.7.2.tgz 1046ms (cache miss)
674 http fetch GET 200 https://registry.npmjs.org/proxy-addr/-/proxy-addr-2.0.7.tgz 1062ms (cache miss)
675 http fetch GET 200 https://registry.npmjs.org/mime-types/-/mime-types-3.0.1.tgz 1064ms (cache miss)
676 http fetch GET 200 https://registry.npmjs.org/fresh/-/fresh-2.0.0.tgz 1063ms (cache miss)
677 http fetch GET 200 https://registry.npmjs.org/accepts/-/accepts-2.0.0.tgz 1063ms (cache miss)
678 http fetch GET 200 https://registry.npmjs.org/content-disposition/-/content-disposition-1.0.0.tgz 1067ms (cache miss)
679 http fetch GET 200 https://registry.npmjs.org/multer/-/multer-2.0.2.tgz 1069ms (cache miss)
680 http fetch GET 200 https://registry.npmjs.org/escape-html/-/escape-html-1.0.3.tgz 1078ms (cache miss)
681 http fetch GET 200 https://registry.npmjs.org/parseurl/-/parseurl-1.3.3.tgz 1092ms (cache miss)
682 http fetch GET 200 https://registry.npmjs.org/range-parser/-/range-parser-1.2.1.tgz 1097ms (cache miss)
683 http fetch GET 200 https://registry.npmjs.org/encodeurl/-/encodeurl-2.0.0.tgz 1110ms (cache miss)
684 http fetch GET 200 https://registry.npmjs.org/cookie-signature/-/cookie-signature-1.2.2.tgz 1120ms (cache miss)
685 http fetch GET 200 https://registry.npmjs.org/body-parser/-/body-parser-2.2.0.tgz 1120ms (cache miss)
686 http fetch GET 200 https://registry.npmjs.org/append-field/-/append-field-1.0.0.tgz 1140ms (cache miss)
687 http fetch GET 200 https://registry.npmjs.org/etag/-/etag-1.8.1.tgz 1138ms (cache miss)
688 http fetch GET 200 https://registry.npmjs.org/content-type/-/content-type-1.0.5.tgz 1138ms (cache miss)
689 http fetch GET 200 https://registry.npmjs.org/mime-types/-/mime-types-2.1.35.tgz 1126ms (cache miss)
690 http fetch GET 200 https://registry.npmjs.org/type-is/-/type-is-1.6.18.tgz 1133ms (cache miss)
691 http fetch GET 200 https://registry.npmjs.org/media-typer/-/media-typer-0.3.0.tgz 1128ms (cache miss)
692 http fetch GET 200 https://registry.npmjs.org/statuses/-/statuses-2.0.2.tgz 1154ms (cache miss)
693 http fetch GET 200 https://registry.npmjs.org/type-is/-/type-is-2.0.1.tgz 1166ms (cache miss)
694 http fetch GET 200 https://registry.npmjs.org/finalhandler/-/finalhandler-2.1.0.tgz 1171ms (cache miss)
695 http fetch GET 200 https://registry.npmjs.org/depd/-/depd-2.0.0.tgz 1183ms (cache miss)
696 http fetch GET 200 https://registry.npmjs.org/statuses/-/statuses-2.0.1.tgz 1184ms (cache miss)
697 http fetch GET 200 https://registry.npmjs.org/es-define-property/-/es-define-property-1.0.1.tgz 1205ms (cache miss)
698 http fetch GET 200 https://registry.npmjs.org/serve-static/-/serve-static-2.2.0.tgz 1202ms (cache miss)
699 http fetch GET 200 https://registry.npmjs.org/side-channel-weakmap/-/side-channel-weakmap-1.0.2.tgz 1216ms (cache miss)
700 http fetch GET 200 https://registry.npmjs.org/call-bound/-/call-bound-1.0.4.tgz 1219ms (cache miss)
701 http fetch GET 200 https://registry.npmjs.org/http-errors/-/http-errors-2.0.0.tgz 1206ms (cache miss)
702 http fetch GET 200 https://registry.npmjs.org/get-intrinsic/-/get-intrinsic-1.3.0.tgz 1229ms (cache miss)
703 http fetch GET 200 https://registry.npmjs.org/safer-buffer/-/safer-buffer-2.1.2.tgz 1222ms (cache miss)
704 http fetch GET 200 https://registry.npmjs.org/send/-/send-1.2.0.tgz 1217ms (cache miss)
705 http fetch GET 200 https://registry.npmjs.org/function-bind/-/function-bind-1.1.2.tgz 1235ms (cache miss)
706 http fetch GET 200 https://registry.npmjs.org/mime-db/-/mime-db-1.54.0.tgz 1257ms (cache miss)
707 http fetch GET 200 https://registry.npmjs.org/get-proto/-/get-proto-1.0.1.tgz 1272ms (cache miss)
708 http fetch GET 200 https://registry.npmjs.org/mime-db/-/mime-db-1.52.0.tgz 1251ms (cache miss)
709 http fetch GET 200 https://registry.npmjs.org/es-object-atoms/-/es-object-atoms-1.1.1.tgz 1297ms (cache miss)
710 http fetch GET 200 https://registry.npmjs.org/router/-/router-2.2.0.tgz 1283ms (cache miss)
711 http fetch GET 200 https://registry.npmjs.org/debug/-/debug-4.4.1.tgz 1289ms (cache miss)
712 http fetch GET 200 https://registry.npmjs.org/call-bind-apply-helpers/-/call-bind-apply-helpers-1.0.2.tgz 1336ms (cache miss)
713 http fetch GET 200 https://registry.npmjs.org/express/-/express-5.1.0.tgz 1346ms (cache miss)
714 http fetch GET 200 https://registry.npmjs.org/qs/-/qs-6.14.0.tgz 1357ms (cache miss)
715 http fetch GET 200 https://registry.npmjs.org/readable-stream/-/readable-stream-3.6.2.tgz 1398ms (cache miss)
716 http fetch GET 200 https://registry.npmjs.org/minimist/-/minimist-1.2.8.tgz 1401ms (cache miss)
717 http fetch GET 200 https://registry.npmjs.org/busboy/-/busboy-1.6.0.tgz 1405ms (cache miss)
718 http fetch GET 200 https://registry.npmjs.org/object-inspect/-/object-inspect-1.13.4.tgz 1417ms (cache miss)
719 http fetch GET 200 https://registry.npmjs.org/iconv-lite/-/iconv-lite-0.6.3.tgz 1422ms (cache miss)
720 silly ADD node_modules/media-typer
721 silly ADD node_modules/dunder-proto
722 silly ADD node_modules/math-intrinsics
723 silly ADD node_modules/hasown
724 silly ADD node_modules/has-symbols
725 silly ADD node_modules/gopd
726 silly ADD node_modules/get-proto
727 silly ADD node_modules/es-object-atoms
728 silly ADD node_modules/es-define-property
729 silly ADD node_modules/function-bind
730 silly ADD node_modules/call-bind-apply-helpers
731 silly ADD node_modules/get-intrinsic
732 silly ADD node_modules/call-bound
733 silly ADD node_modules/side-channel-weakmap
734 silly ADD node_modules/side-channel-map
735 silly ADD node_modules/side-channel-list
736 silly ADD node_modules/object-inspect
737 silly ADD node_modules/es-errors
738 silly ADD node_modules/path-to-regexp
739 silly ADD node_modules/is-promise
740 silly ADD node_modules/util-deprecate
741 silly ADD node_modules/string_decoder
742 silly ADD node_modules/unpipe
743 silly ADD node_modules/side-channel
744 silly ADD node_modules/ipaddr.js
745 silly ADD node_modules/forwarded
746 silly ADD node_modules/wrappy
747 silly ADD node_modules/ee-first
748 silly ADD node_modules/minimist
749 silly ADD node_modules/typedarray
750 silly ADD node_modules/readable-stream
751 silly ADD node_modules/buffer-from
752 silly ADD node_modules/streamsearch
753 silly ADD node_modules/xtend
754 silly ADD node_modules/object-assign
755 silly ADD node_modules/mkdirp
756 silly ADD node_modules/concat-stream
757 silly ADD node_modules/busboy
758 silly ADD node_modules/append-field
759 silly ADD node_modules/mime-db
760 silly ADD node_modules/safer-buffer
761 silly ADD node_modules/toidentifier
762 silly ADD node_modules/setprototypeof
763 silly ADD node_modules/inherits
764 silly ADD node_modules/depd
765 silly ADD node_modules/ms
766 silly ADD node_modules/safe-buffer
767 silly ADD node_modules/raw-body
768 silly ADD node_modules/iconv-lite
769 silly ADD node_modules/bytes
770 silly ADD node_modules/negotiator
771 silly ADD node_modules/vary
772 silly ADD node_modules/type-is
773 silly ADD node_modules/statuses
774 silly ADD node_modules/serve-static
775 silly ADD node_modules/send
776 silly ADD node_modules/router
777 silly ADD node_modules/range-parser
778 silly ADD node_modules/qs
779 silly ADD node_modules/proxy-addr
780 silly ADD node_modules/parseurl
781 silly ADD node_modules/once
782 silly ADD node_modules/on-finished
783 silly ADD node_modules/mime-types
784 silly ADD node_modules/merge-descriptors
785 silly ADD node_modules/http-errors
786 silly ADD node_modules/http-errors/node_modules/statuses
787 silly ADD node_modules/fresh
788 silly ADD node_modules/finalhandler
789 silly ADD node_modules/etag
790 silly ADD node_modules/escape-html
791 silly ADD node_modules/encodeurl
792 silly ADD node_modules/debug
793 silly ADD node_modules/cookie-signature
794 silly ADD node_modules/cookie
795 silly ADD node_modules/content-type
796 silly ADD node_modules/content-disposition
797 silly ADD node_modules/body-parser
798 silly ADD node_modules/accepts
799 silly ADD node_modules/multer
800 silly ADD node_modules/multer/node_modules/mime-db
801 silly ADD node_modules/multer/node_modules/mime-types
802 silly ADD node_modules/multer/node_modules/media-typer
803 silly ADD node_modules/multer/node_modules/type-is
804 silly ADD node_modules/express
805 verbose cwd C:\Users\hp\Desktop\Web-dev\MyProject\ecommerce-mern\multer
806 verbose os Windows_NT 10.0.26100
807 verbose node v22.16.0
808 verbose npm  v11.5.1
809 verbose exit 0
810 info ok
