0 verbose cli C:\Program Files\nodejs\node.exe C:\Users\hp\AppData\Roaming\npm\node_modules\npm\bin\npm-cli.js
1 info using npm@11.5.1
2 info using node@v22.16.0
3 silly config load:file:C:\Users\hp\AppData\Roaming\npm\node_modules\npm\npmrc
4 silly config load:file:c:\Users\hp\Desktop\Web-dev\MyProject\ecommerce-mern\backend\.npmrc
5 silly config load:file:C:\Users\hp\.npmrc
6 silly config load:file:C:\Users\hp\AppData\Roaming\npm\etc\npmrc
7 verbose title npm view jsonwebtoken description dist-tags.latest homepage version time
8 verbose argv "view" "--json" "--" "jsonwebtoken" "description" "dist-tags.latest" "homepage" "version" "time"
9 verbose logfile logs-max:10 dir:C:\Users\hp\Desktop\Web-dev\MyProject\ecommerce-mern\backend\UsershpAppDataLocalTempnpm-cache\_logs\2025-08-28T11_22_20_762Z-
10 verbose logfile C:\Users\hp\Desktop\Web-dev\MyProject\ecommerce-mern\backend\UsershpAppDataLocalTempnpm-cache\_logs\2025-08-28T11_22_20_762Z-debug-0.log
11 silly logfile start cleaning logs, removing 1 files
12 silly logfile done cleaning log files
13 http fetch GET 200 https://registry.npmjs.org/jsonwebtoken 689ms (cache revalidated)
14 verbose cwd c:\Users\hp\Desktop\Web-dev\MyProject\ecommerce-mern\backend
15 verbose os Windows_NT 10.0.26100
16 verbose node v22.16.0
17 verbose npm  v11.5.1
18 verbose exit 0
19 info ok
